1774549701.201602 client started (47489): version 3.6a, socket /tmp/tmux-1000/default, protocol 8
1774549701.201618 on Linux 6.19.6-arch1-1 #1 SMP PREEMPT_DYNAMIC Wed, 04 Mar 2026 18:25:08 +0000
1774549701.201625 using libevent 2.1.12-stable poll
1774549701.201629 using ncurses 6.5 20240427
1774549701.201640 flags are 0x18010000
1774549701.201648 socket is /tmp/tmux-1000/default
1774549701.201655 trying connect
1774549701.201664 connect failed: Connection refused
1774549701.201670 lock file is /tmp/tmux-1000/default.lock
1774549701.201683 flock succeeded
1774549701.201687 got lock (12)
1774549701.201692 trying connect
1774549701.201698 connect failed: Connection refused
1774549701.201811 add peer 0x5647097dcb10: 13 ((nil))
1774549701.201990 sending message 111 to peer 0x5647097dcb10 (8 bytes)
1774549701.201995 sending message 111 to peer 0x5647097dcb10 (8 bytes)
1774549701.201998 sending message 101 to peer 0x5647097dcb10 (14 bytes)
1774549701.202000 sending message 109 to peer 0x5647097dcb10 (4 bytes)
1774549701.202003 sending message 102 to peer 0x5647097dcb10 (11 bytes)
1774549701.202006 sending message 108 to peer 0x5647097dcb10 (26 bytes)
1774549701.202009 sending message 112 to peer 0x5647097dcb10 (70 bytes)
1774549701.202012 sending message 112 to peer 0x5647097dcb10 (5 bytes)
1774549701.202015 sending message 112 to peer 0x5647097dcb10 (5 bytes)
1774549701.202018 sending message 112 to peer 0x5647097dcb10 (6 bytes)
1774549701.202021 sending message 112 to peer 0x5647097dcb10 (6 bytes)
1774549701.202024 sending message 112 to peer 0x5647097dcb10 (11 bytes)
1774549701.202026 sending message 112 to peer 0x5647097dcb10 (10 bytes)
1774549701.202029 sending message 112 to peer 0x5647097dcb10 (13 bytes)
1774549701.202032 sending message 112 to peer 0x5647097dcb10 (14 bytes)
1774549701.202035 sending message 112 to peer 0x5647097dcb10 (9 bytes)
1774549701.202038 sending message 112 to peer 0x5647097dcb10 (21 bytes)
1774549701.202041 sending message 112 to peer 0x5647097dcb10 (19 bytes)
1774549701.202043 sending message 112 to peer 0x5647097dcb10 (11 bytes)
1774549701.202046 sending message 112 to peer 0x5647097dcb10 (21 bytes)
1774549701.202049 sending message 112 to peer 0x5647097dcb10 (13 bytes)
1774549701.202052 sending message 112 to peer 0x5647097dcb10 (7 bytes)
1774549701.202055 sending message 112 to peer 0x5647097dcb10 (13 bytes)
1774549701.202058 sending message 112 to peer 0x5647097dcb10 (7 bytes)
1774549701.202060 sending message 112 to peer 0x5647097dcb10 (13 bytes)
1774549701.202063 sending message 112 to peer 0x5647097dcb10 (9 bytes)
1774549701.202066 sending message 112 to peer 0x5647097dcb10 (21 bytes)
1774549701.202069 sending message 112 to peer 0x5647097dcb10 (13 bytes)
1774549701.202072 sending message 112 to peer 0x5647097dcb10 (9 bytes)
1774549701.202075 sending message 112 to peer 0x5647097dcb10 (16 bytes)
1774549701.202078 sending message 112 to peer 0x5647097dcb10 (13 bytes)
1774549701.202081 sending message 112 to peer 0x5647097dcb10 (9 bytes)
1774549701.202084 sending message 112 to peer 0x5647097dcb10 (9 bytes)
1774549701.202086 sending message 112 to peer 0x5647097dcb10 (12 bytes)
1774549701.202089 sending message 112 to peer 0x5647097dcb10 (8 bytes)
1774549701.202092 sending message 112 to peer 0x5647097dcb10 (12 bytes)
1774549701.202095 sending message 112 to peer 0x5647097dcb10 (8 bytes)
1774549701.202098 sending message 112 to peer 0x5647097dcb10 (13 bytes)
1774549701.202101 sending message 112 to peer 0x5647097dcb10 (7 bytes)
1774549701.202104 sending message 112 to peer 0x5647097dcb10 (7 bytes)
1774549701.202107 sending message 112 to peer 0x5647097dcb10 (9 bytes)
1774549701.202110 sending message 112 to peer 0x5647097dcb10 (12 bytes)
1774549701.202112 sending message 112 to peer 0x5647097dcb10 (6 bytes)
1774549701.202115 sending message 112 to peer 0x5647097dcb10 (9 bytes)
1774549701.202118 sending message 112 to peer 0x5647097dcb10 (15 bytes)
1774549701.202121 sending message 112 to peer 0x5647097dcb10 (13 bytes)
1774549701.202124 sending message 112 to peer 0x5647097dcb10 (9 bytes)
1774549701.202127 sending message 112 to peer 0x5647097dcb10 (12 bytes)
1774549701.202134 sending message 112 to peer 0x5647097dcb10 (8 bytes)
1774549701.202139 sending message 112 to peer 0x5647097dcb10 (14 bytes)
1774549701.202142 sending message 112 to peer 0x5647097dcb10 (11 bytes)
1774549701.202145 sending message 112 to peer 0x5647097dcb10 (9 bytes)
1774549701.202148 sending message 112 to peer 0x5647097dcb10 (10 bytes)
1774549701.202151 sending message 112 to peer 0x5647097dcb10 (10 bytes)
1774549701.202154 sending message 112 to peer 0x5647097dcb10 (10 bytes)
1774549701.202157 sending message 112 to peer 0x5647097dcb10 (10 bytes)
1774549701.202160 sending message 112 to peer 0x5647097dcb10 (11 bytes)
1774549701.202163 sending message 112 to peer 0x5647097dcb10 (12 bytes)
1774549701.202165 sending message 112 to peer 0x5647097dcb10 (12 bytes)
1774549701.202168 sending message 112 to peer 0x5647097dcb10 (12 bytes)
1774549701.202171 sending message 112 to peer 0x5647097dcb10 (12 bytes)
1774549701.202174 sending message 112 to peer 0x5647097dcb10 (12 bytes)
1774549701.202177 sending message 112 to peer 0x5647097dcb10 (11 bytes)
1774549701.202180 sending message 112 to peer 0x5647097dcb10 (11 bytes)
1774549701.202183 sending message 112 to peer 0x5647097dcb10 (12 bytes)
1774549701.202186 sending message 112 to peer 0x5647097dcb10 (12 bytes)
1774549701.202189 sending message 112 to peer 0x5647097dcb10 (12 bytes)
1774549701.202192 sending message 112 to peer 0x5647097dcb10 (12 bytes)
1774549701.202194 sending message 112 to peer 0x5647097dcb10 (12 bytes)
1774549701.202197 sending message 112 to peer 0x5647097dcb10 (9 bytes)
1774549701.202200 sending message 112 to peer 0x5647097dcb10 (12 bytes)
1774549701.202203 sending message 112 to peer 0x5647097dcb10 (13 bytes)
1774549701.202206 sending message 112 to peer 0x5647097dcb10 (13 bytes)
1774549701.202209 sending message 112 to peer 0x5647097dcb10 (13 bytes)
1774549701.202212 sending message 112 to peer 0x5647097dcb10 (13 bytes)
1774549701.202215 sending message 112 to peer 0x5647097dcb10 (13 bytes)
1774549701.202218 sending message 112 to peer 0x5647097dcb10 (8 bytes)
1774549701.202221 sending message 112 to peer 0x5647097dcb10 (11 bytes)
1774549701.202224 sending message 112 to peer 0x5647097dcb10 (11 bytes)
1774549701.202227 sending message 112 to peer 0x5647097dcb10 (11 bytes)
1774549701.202229 sending message 112 to peer 0x5647097dcb10 (12 bytes)
1774549701.202232 sending message 112 to peer 0x5647097dcb10 (12 bytes)
1774549701.202235 sending message 112 to peer 0x5647097dcb10 (12 bytes)
1774549701.202238 sending message 112 to peer 0x5647097dcb10 (12 bytes)
1774549701.202241 sending message 112 to peer 0x5647097dcb10 (13 bytes)
1774549701.202244 sending message 112 to peer 0x5647097dcb10 (13 bytes)
1774549701.202247 sending message 112 to peer 0x5647097dcb10 (13 bytes)
1774549701.202250 sending message 112 to peer 0x5647097dcb10 (8 bytes)
1774549701.202253 sending message 112 to peer 0x5647097dcb10 (13 bytes)
1774549701.202255 sending message 112 to peer 0x5647097dcb10 (13 bytes)
1774549701.202258 sending message 112 to peer 0x5647097dcb10 (13 bytes)
1774549701.202261 sending message 112 to peer 0x5647097dcb10 (13 bytes)
1774549701.202264 sending message 112 to peer 0x5647097dcb10 (13 bytes)
1774549701.202267 sending message 112 to peer 0x5647097dcb10 (12 bytes)
1774549701.202270 sending message 112 to peer 0x5647097dcb10 (12 bytes)
1774549701.202273 sending message 112 to peer 0x5647097dcb10 (12 bytes)
1774549701.202276 sending message 112 to peer 0x5647097dcb10 (12 bytes)
1774549701.202279 sending message 112 to peer 0x5647097dcb10 (13 bytes)
1774549701.202282 sending message 112 to peer 0x5647097dcb10 (8 bytes)
1774549701.202285 sending message 112 to peer 0x5647097dcb10 (13 bytes)
1774549701.202288 sending message 112 to peer 0x5647097dcb10 (13 bytes)
1774549701.202291 sending message 112 to peer 0x5647097dcb10 (13 bytes)
1774549701.202293 sending message 112 to peer 0x5647097dcb10 (13 bytes)
1774549701.202297 sending message 112 to peer 0x5647097dcb10 (13 bytes)
1774549701.202302 sending message 112 to peer 0x5647097dcb10 (13 bytes)
1774549701.202306 sending message 112 to peer 0x5647097dcb10 (13 bytes)
1774549701.202309 sending message 112 to peer 0x5647097dcb10 (12 bytes)
1774549701.202312 sending message 112 to peer 0x5647097dcb10 (12 bytes)
1774549701.202315 sending message 112 to peer 0x5647097dcb10 (12 bytes)
1774549701.202318 sending message 112 to peer 0x5647097dcb10 (8 bytes)
1774549701.202321 sending message 112 to peer 0x5647097dcb10 (12 bytes)
1774549701.202324 sending message 112 to peer 0x5647097dcb10 (13 bytes)
1774549701.202327 sending message 112 to peer 0x5647097dcb10 (13 bytes)
1774549701.202330 sending message 112 to peer 0x5647097dcb10 (13 bytes)
1774549701.202333 sending message 112 to peer 0x5647097dcb10 (13 bytes)
1774549701.202336 sending message 112 to peer 0x5647097dcb10 (13 bytes)
1774549701.202339 sending message 112 to peer 0x5647097dcb10 (13 bytes)
1774549701.202342 sending message 112 to peer 0x5647097dcb10 (13 bytes)
1774549701.202345 sending message 112 to peer 0x5647097dcb10 (13 bytes)
1774549701.202348 sending message 112 to peer 0x5647097dcb10 (12 bytes)
1774549701.202352 sending message 112 to peer 0x5647097dcb10 (10 bytes)
1774549701.202356 sending message 112 to peer 0x5647097dcb10 (12 bytes)
1774549701.202359 sending message 112 to peer 0x5647097dcb10 (12 bytes)
1774549701.202365 sending message 112 to peer 0x5647097dcb10 (12 bytes)
1774549701.202368 sending message 112 to peer 0x5647097dcb10 (13 bytes)
1774549701.202371 sending message 112 to peer 0x5647097dcb10 (13 bytes)
1774549701.202374 sending message 112 to peer 0x5647097dcb10 (13 bytes)
1774549701.202377 sending message 112 to peer 0x5647097dcb10 (13 bytes)
1774549701.202380 sending message 112 to peer 0x5647097dcb10 (13 bytes)
1774549701.202383 sending message 112 to peer 0x5647097dcb10 (13 bytes)
1774549701.202386 sending message 112 to peer 0x5647097dcb10 (13 bytes)
1774549701.202389 sending message 112 to peer 0x5647097dcb10 (10 bytes)
1774549701.202392 sending message 112 to peer 0x5647097dcb10 (13 bytes)
1774549701.202395 sending message 112 to peer 0x5647097dcb10 (12 bytes)
1774549701.202398 sending message 112 to peer 0x5647097dcb10 (12 bytes)
1774549701.202401 sending message 112 to peer 0x5647097dcb10 (12 bytes)
1774549701.202404 sending message 112 to peer 0x5647097dcb10 (10 bytes)
1774549701.202407 sending message 112 to peer 0x5647097dcb10 (10 bytes)
1774549701.202410 sending message 112 to peer 0x5647097dcb10 (10 bytes)
1774549701.202413 sending message 112 to peer 0x5647097dcb10 (12 bytes)
1774549701.202416 sending message 112 to peer 0x5647097dcb10 (13 bytes)
1774549701.202418 sending message 112 to peer 0x5647097dcb10 (13 bytes)
1774549701.202421 sending message 112 to peer 0x5647097dcb10 (13 bytes)
1774549701.202424 sending message 112 to peer 0x5647097dcb10 (13 bytes)
1774549701.202427 sending message 112 to peer 0x5647097dcb10 (13 bytes)
1774549701.202430 sending message 112 to peer 0x5647097dcb10 (10 bytes)
1774549701.202433 sending message 112 to peer 0x5647097dcb10 (11 bytes)
1774549701.202436 sending message 112 to peer 0x5647097dcb10 (12 bytes)
1774549701.202439 sending message 112 to peer 0x5647097dcb10 (12 bytes)
1774549701.202442 sending message 112 to peer 0x5647097dcb10 (12 bytes)
1774549701.202445 sending message 112 to peer 0x5647097dcb10 (12 bytes)
1774549701.202448 sending message 112 to peer 0x5647097dcb10 (12 bytes)
1774549701.202451 sending message 112 to peer 0x5647097dcb10 (11 bytes)
1774549701.202454 sending message 112 to peer 0x5647097dcb10 (12 bytes)
1774549701.202457 sending message 112 to peer 0x5647097dcb10 (12 bytes)
1774549701.202460 sending message 112 to peer 0x5647097dcb10 (13 bytes)
1774549701.202463 sending message 112 to peer 0x5647097dcb10 (13 bytes)
1774549701.202466 sending message 112 to peer 0x5647097dcb10 (13 bytes)
1774549701.202469 sending message 112 to peer 0x5647097dcb10 (13 bytes)
1774549701.202472 sending message 112 to peer 0x5647097dcb10 (13 bytes)
1774549701.202474 sending message 112 to peer 0x5647097dcb10 (10 bytes)
1774549701.202480 sending message 112 to peer 0x5647097dcb10 (9 bytes)
1774549701.202483 sending message 112 to peer 0x5647097dcb10 (12 bytes)
1774549701.202486 sending message 112 to peer 0x5647097dcb10 (13 bytes)
1774549701.202489 sending message 112 to peer 0x5647097dcb10 (13 bytes)
1774549701.202492 sending message 112 to peer 0x5647097dcb10 (13 bytes)
1774549701.202495 sending message 112 to peer 0x5647097dcb10 (13 bytes)
1774549701.202498 sending message 112 to peer 0x5647097dcb10 (13 bytes)
1774549701.202501 sending message 112 to peer 0x5647097dcb10 (9 bytes)
1774549701.202504 sending message 112 to peer 0x5647097dcb10 (12 bytes)
1774549701.202507 sending message 112 to peer 0x5647097dcb10 (13 bytes)
1774549701.202509 sending message 112 to peer 0x5647097dcb10 (13 bytes)
1774549701.202512 sending message 112 to peer 0x5647097dcb10 (13 bytes)
1774549701.202515 sending message 112 to peer 0x5647097dcb10 (13 bytes)
1774549701.202518 sending message 112 to peer 0x5647097dcb10 (13 bytes)
1774549701.202521 sending message 112 to peer 0x5647097dcb10 (11 bytes)
1774549701.202524 sending message 112 to peer 0x5647097dcb10 (12 bytes)
1774549701.202526 sending message 112 to peer 0x5647097dcb10 (13 bytes)
1774549701.202529 sending message 112 to peer 0x5647097dcb10 (13 bytes)
1774549701.202532 sending message 112 to peer 0x5647097dcb10 (13 bytes)
1774549701.202535 sending message 112 to peer 0x5647097dcb10 (13 bytes)
1774549701.202538 sending message 112 to peer 0x5647097dcb10 (13 bytes)
1774549701.202541 sending message 112 to peer 0x5647097dcb10 (11 bytes)
1774549701.202544 sending message 112 to peer 0x5647097dcb10 (12 bytes)
1774549701.202546 sending message 112 to peer 0x5647097dcb10 (12 bytes)
1774549701.202549 sending message 112 to peer 0x5647097dcb10 (12 bytes)
1774549701.202552 sending message 112 to peer 0x5647097dcb10 (12 bytes)
1774549701.202555 sending message 112 to peer 0x5647097dcb10 (12 bytes)
1774549701.202558 sending message 112 to peer 0x5647097dcb10 (21 bytes)
1774549701.202561 sending message 112 to peer 0x5647097dcb10 (12 bytes)
1774549701.202564 sending message 112 to peer 0x5647097dcb10 (9 bytes)
1774549701.202567 sending message 112 to peer 0x5647097dcb10 (6 bytes)
1774549701.202570 sending message 112 to peer 0x5647097dcb10 (13 bytes)
1774549701.202572 sending message 112 to peer 0x5647097dcb10 (10 bytes)
1774549701.202575 sending message 112 to peer 0x5647097dcb10 (15 bytes)
1774549701.202578 sending message 112 to peer 0x5647097dcb10 (13 bytes)
1774549701.202581 sending message 112 to peer 0x5647097dcb10 (9 bytes)
1774549701.202584 sending message 112 to peer 0x5647097dcb10 (70 bytes)
1774549701.202587 sending message 112 to peer 0x5647097dcb10 (69 bytes)
1774549701.202590 sending message 112 to peer 0x5647097dcb10 (34 bytes)
1774549701.202593 sending message 112 to peer 0x5647097dcb10 (34 bytes)
1774549701.202596 sending message 112 to peer 0x5647097dcb10 (70 bytes)
1774549701.202599 sending message 112 to peer 0x5647097dcb10 (12 bytes)
1774549701.202601 sending message 112 to peer 0x5647097dcb10 (10 bytes)
1774549701.202604 sending message 112 to peer 0x5647097dcb10 (10 bytes)
1774549701.202608 sending message 112 to peer 0x5647097dcb10 (15 bytes)
1774549701.202610 sending message 112 to peer 0x5647097dcb10 (13 bytes)
1774549701.202613 sending message 112 to peer 0x5647097dcb10 (10 bytes)
1774549701.202616 sending message 112 to peer 0x5647097dcb10 (10 bytes)
1774549701.202619 sending message 112 to peer 0x5647097dcb10 (17 bytes)
1774549701.202622 sending message 112 to peer 0x5647097dcb10 (10 bytes)
1774549701.202625 sending message 112 to peer 0x5647097dcb10 (13 bytes)
1774549701.202628 sending message 112 to peer 0x5647097dcb10 (32 bytes)
1774549701.202631 sending message 112 to peer 0x5647097dcb10 (5 bytes)
1774549701.202634 sending message 112 to peer 0x5647097dcb10 (9 bytes)
1774549701.202637 sending message 112 to peer 0x5647097dcb10 (15 bytes)
1774549701.202640 sending message 112 to peer 0x5647097dcb10 (5 bytes)
1774549701.202643 sending message 104 to peer 0x5647097dcb10 (0 bytes)
1774549701.202648 sending message 110 to peer 0x5647097dcb10 (0 bytes)
1774549701.202653 sending message 107 to peer 0x5647097dcb10 (4 bytes)
1774549701.202656 sending message 105 to peer 0x5647097dcb10 (20 bytes)
1774549701.202659 sending message 105 to peer 0x5647097dcb10 (25 bytes)
1774549701.202661 sending message 105 to peer 0x5647097dcb10 (20 bytes)
1774549701.202664 sending message 105 to peer 0x5647097dcb10 (38 bytes)
1774549701.202667 sending message 105 to peer 0x5647097dcb10 (25 bytes)
1774549701.202670 sending message 105 to peer 0x5647097dcb10 (58 bytes)
1774549701.202673 sending message 105 to peer 0x5647097dcb10 (66 bytes)
1774549701.202676 sending message 105 to peer 0x5647097dcb10 (26 bytes)
1774549701.202679 sending message 105 to peer 0x5647097dcb10 (33 bytes)
1774549701.202682 sending message 105 to peer 0x5647097dcb10 (32 bytes)
1774549701.202685 sending message 105 to peer 0x5647097dcb10 (20 bytes)
1774549701.202688 sending message 105 to peer 0x5647097dcb10 (37 bytes)
1774549701.202691 sending message 105 to peer 0x5647097dcb10 (34 bytes)
1774549701.202694 sending message 105 to peer 0x5647097dcb10 (19 bytes)
1774549701.202697 sending message 105 to peer 0x5647097dcb10 (25 bytes)
1774549701.202700 sending message 105 to peer 0x5647097dcb10 (34 bytes)
1774549701.202703 sending message 105 to peer 0x5647097dcb10 (44 bytes)
1774549701.202706 sending message 105 to peer 0x5647097dcb10 (51 bytes)
1774549701.202709 sending message 105 to peer 0x5647097dcb10 (21 bytes)
1774549701.202712 sending message 105 to peer 0x5647097dcb10 (30 bytes)
1774549701.202715 sending message 105 to peer 0x5647097dcb10 (37 bytes)
1774549701.202718 sending message 105 to peer 0x5647097dcb10 (64 bytes)
1774549701.202721 sending message 105 to peer 0x5647097dcb10 (16 bytes)
1774549701.202724 sending message 105 to peer 0x5647097dcb10 (12 bytes)
1774549701.202727 sending message 105 to peer 0x5647097dcb10 (15 bytes)
1774549701.202730 sending message 105 to peer 0x5647097dcb10 (30 bytes)
1774549701.202732 sending message 105 to peer 0x5647097dcb10 (29 bytes)
1774549701.202735 sending message 105 to peer 0x5647097dcb10 (12 bytes)
1774549701.202738 sending message 105 to peer 0x5647097dcb10 (25 bytes)
1774549701.202741 sending message 105 to peer 0x5647097dcb10 (22 bytes)
1774549701.202744 sending message 105 to peer 0x5647097dcb10 (27 bytes)
1774549701.202747 sending message 105 to peer 0x5647097dcb10 (26 bytes)
1774549701.202750 sending message 105 to peer 0x5647097dcb10 (15 bytes)
1774549701.202753 sending message 105 to peer 0x5647097dcb10 (42 bytes)
1774549701.202756 sending message 105 to peer 0x5647097dcb10 (15 bytes)
1774549701.202759 sending message 105 to peer 0x5647097dcb10 (17 bytes)
1774549701.202762 sending message 105 to peer 0x5647097dcb10 (30 bytes)
1774549701.202765 sending message 105 to peer 0x5647097dcb10 (29 bytes)
1774549701.202768 sending message 105 to peer 0x5647097dcb10 (148 bytes)
1774549701.202771 sending message 105 to peer 0x5647097dcb10 (20 bytes)
1774549701.202774 sending message 105 to peer 0x5647097dcb10 (26 bytes)
1774549701.202777 sending message 105 to peer 0x5647097dcb10 (116 bytes)
1774549701.202780 sending message 105 to peer 0x5647097dcb10 (52 bytes)
1774549701.202783 sending message 105 to peer 0x5647097dcb10 (16 bytes)
1774549701.202786 sending message 105 to peer 0x5647097dcb10 (15 bytes)
1774549701.202789 sending message 105 to peer 0x5647097dcb10 (38 bytes)
1774549701.202792 sending message 105 to peer 0x5647097dcb10 (47 bytes)
1774549701.202795 sending message 105 to peer 0x5647097dcb10 (28 bytes)
1774549701.202798 sending message 105 to peer 0x5647097dcb10 (176 bytes)
1774549701.202801 sending message 105 to peer 0x5647097dcb10 (32 bytes)
1774549701.202803 sending message 105 to peer 0x5647097dcb10 (30 bytes)
1774549701.202806 sending message 105 to peer 0x5647097dcb10 (20 bytes)
1774549701.202809 sending message 105 to peer 0x5647097dcb10 (41 bytes)
1774549701.202812 sending message 105 to peer 0x5647097dcb10 (23 bytes)
1774549701.202815 sending message 105 to peer 0x5647097dcb10 (29 bytes)
1774549701.202820 sending message 105 to peer 0x5647097dcb10 (19 bytes)
1774549701.202824 sending message 105 to peer 0x5647097dcb10 (9 bytes)
1774549701.202827 sending message 105 to peer 0x5647097dcb10 (24 bytes)
1774549701.202830 sending message 105 to peer 0x5647097dcb10 (17 bytes)
1774549701.202833 sending message 105 to peer 0x5647097dcb10 (23 bytes)
1774549701.202836 sending message 105 to peer 0x5647097dcb10 (240 bytes)
1774549701.202839 sending message 105 to peer 0x5647097dcb10 (91 bytes)
1774549701.202842 sending message 105 to peer 0x5647097dcb10 (11 bytes)
1774549701.202845 sending message 105 to peer 0x5647097dcb10 (8 bytes)
1774549701.202848 sending message 105 to peer 0x5647097dcb10 (14 bytes)
1774549701.202851 sending message 105 to peer 0x5647097dcb10 (21 bytes)
1774549701.202853 sending message 105 to peer 0x5647097dcb10 (43 bytes)
1774549701.202856 sending message 105 to peer 0x5647097dcb10 (19 bytes)
1774549701.202859 sending message 105 to peer 0x5647097dcb10 (11 bytes)
1774549701.202862 sending message 105 to peer 0x5647097dcb10 (43 bytes)
1774549701.202865 sending message 105 to peer 0x5647097dcb10 (17 bytes)
1774549701.202868 sending message 105 to peer 0x5647097dcb10 (20 bytes)
1774549701.202871 sending message 105 to peer 0x5647097dcb10 (38 bytes)
1774549701.202873 sending message 105 to peer 0x5647097dcb10 (31 bytes)
1774549701.202876 sending message 105 to peer 0x5647097dcb10 (50 bytes)
1774549701.202879 sending message 105 to peer 0x5647097dcb10 (16 bytes)
1774549701.202882 sending message 105 to peer 0x5647097dcb10 (42 bytes)
1774549701.202885 sending message 105 to peer 0x5647097dcb10 (26 bytes)
1774549701.202888 sending message 105 to peer 0x5647097dcb10 (266 bytes)
1774549701.202891 sending message 105 to peer 0x5647097dcb10 (12 bytes)
1774549701.202894 sending message 105 to peer 0x5647097dcb10 (54 bytes)
1774549701.202897 sending message 105 to peer 0x5647097dcb10 (57 bytes)
1774549701.202900 sending message 105 to peer 0x5647097dcb10 (25 bytes)
1774549701.202903 sending message 105 to peer 0x5647097dcb10 (124 bytes)
1774549701.202905 sending message 105 to peer 0x5647097dcb10 (36 bytes)
1774549701.202908 sending message 105 to peer 0x5647097dcb10 (36 bytes)
1774549701.202911 sending message 105 to peer 0x5647097dcb10 (25 bytes)
1774549701.202914 sending message 105 to peer 0x5647097dcb10 (34 bytes)
1774549701.202917 sending message 105 to peer 0x5647097dcb10 (19 bytes)
1774549701.202920 sending message 105 to peer 0x5647097dcb10 (21 bytes)
1774549701.202923 sending message 105 to peer 0x5647097dcb10 (16 bytes)
1774549701.202926 sending message 106 to peer 0x5647097dcb10 (0 bytes)
1774549701.202952 cmd_pack_argv: argv[0]=new-session
1774549701.202955 sending message 200 to peer 0x5647097dcb10 (16 bytes)
1774549701.202958 client loop enter
1774549701.202966 client_signal: Child exited
1774549701.259513 peer 0x5647097dcb10 message 207
1774549701.259523 sending message 208 to peer 0x5647097dcb10 (0 bytes)
1774549701.272889 peer 0x5647097dcb10 message 203
1774549701.272898 sending message 205 to peer 0x5647097dcb10 (0 bytes)
1774549701.272990 peer 0x5647097dcb10 message 204
1774549701.272994 client loop exit
